Build started 8/15/2016 12:44:45 PM.
     1>Project "D:\Programming\Github\Graphics\Vulkan\VulkanTesting\Vulkan\Vulkan\Vulkan.vcxproj" on node 2 (Build target(s)).
     1>ClCompile:
         D:\Program Files (x86)\Microsoft Visual Studio 12.0\VC\bin\x86_amd64\CL.exe /c /Zi /nologo /W3 /WX- /sdl /O2 /Oi /GL /D _MBCS /Gm- /EHsc /MD /GS /Gy /fp:precise /Zc:wchar_t /Zc:forScope /Fo"x64\Release\\" /Fd"x64\Release\vc120.pdb" /Gd /TP /errorReport:prompt Main.cpp Renderer.cpp Window_win32.cpp util.cpp
         Main.cpp
     1>Main.cpp(201): warning C4267: '=' : conversion from 'size_t' to 'int', possible loss of data
     1>Main.cpp(305): warning C4267: 'argument' : conversion from 'size_t' to 'uint32_t', possible loss of data
     1>Main.cpp(337): warning C4267: '=' : conversion from 'size_t' to 'uint32_t', possible loss of data
     1>Main.cpp(352): warning C4267: 'argument' : conversion from 'size_t' to 'uint32_t', possible loss of data
         Renderer.cpp
     1>Renderer.cpp(664): warning C4267: '=' : conversion from 'size_t' to 'uint32_t', possible loss of data
     1>Renderer.cpp(723): warning C4267: '=' : conversion from 'size_t' to 'uint32_t', possible loss of data
     1>Renderer.cpp(860): warning C4267: '=' : conversion from 'size_t' to 'uint32_t', possible loss of data
     1>Renderer.cpp(895): warning C4267: '=' : conversion from 'size_t' to 'uint32_t', possible loss of data
     1>Renderer.cpp(915): warning C4267: '=' : conversion from 'size_t' to 'uint32_t', possible loss of data
         Window_win32.cpp
         util.cpp
       Link:
         D:\Program Files (x86)\Microsoft Visual Studio 12.0\VC\bin\x86_amd64\link.exe /ERRORREPORT:PROMPT /OUT:"D:\Programming\Github\Graphics\Vulkan\VulkanTesting\Vulkan\x64\Release\Vulkan.exe" /NOLOGO "vulkan-1.lib" kernel32.lib user32.lib gdi32.lib winspool.lib comdlg32.lib advapi32.lib shell32.lib ole32.lib oleaut32.lib uuid.lib odbc32.lib odbccp32.lib /MANIFEST /MANIFESTUAC:"level='asInvoker' uiAccess='false'" /manifest:embed /DEBUG /PDB:"D:\Programming\Github\Graphics\Vulkan\VulkanTesting\Vulkan\x64\Release\Vulkan.pdb" /OPT:REF /OPT:ICF /LTCG /TLBID:1 /DYNAMICBASE /NXCOMPAT /IMPLIB:"D:\Programming\Github\Graphics\Vulkan\VulkanTesting\Vulkan\x64\Release\Vulkan.lib" /MACHINE:X64 x64\Release\Main.obj
         x64\Release\Renderer.obj
         x64\Release\util.obj
         x64\Release\Window.obj
         x64\Release\Window_win32.obj
         Generating code
         Finished generating code
         Vulkan.vcxproj -> D:\Programming\Github\Graphics\Vulkan\VulkanTesting\Vulkan\x64\Release\Vulkan.exe
     1>Done Building Project "D:\Programming\Github\Graphics\Vulkan\VulkanTesting\Vulkan\Vulkan\Vulkan.vcxproj" (Build target(s)).

Build succeeded.

Time Elapsed 00:00:05.74
